c:\users\alyssa\documents\directx11\directx11_starter\directx11_starter\debug\vc120.pdb
c:\users\alyssa\documents\directx11\directx11_starter\directx11_starter\debug\vc120.idb
c:\users\alyssa\documents\directx11\directx11_starter\directx11_starter\debug\healthpickup.obj
c:\users\alyssa\documents\directx11\directx11_starter\directx11_starter\debug\lighthelper.obj
c:\users\alyssa\documents\directx11\directx11_starter\directx11_starter\debug\material.obj
c:\users\alyssa\documents\directx11\directx11_starter\directx11_starter\debug\mesh.obj
c:\users\alyssa\documents\directx11\directx11_starter\directx11_starter\debug\mydemogame.obj
c:\users\alyssa\documents\directx11\directx11_starter\directx11_starter\debug\dxerr.obj
c:\users\alyssa\documents\directx11\directx11_starter\directx11_starter\debug\directxgame.obj
c:\users\alyssa\documents\directx11\directx11_starter\directx11_starter\debug\gametimer.obj
c:\users\alyssa\documents\directx11\directx11_starter\directx11_starter\debug\nebula.obj
c:\users\alyssa\documents\directx11\directx11_starter\directx11_starter\debug\objectloader.obj
c:\users\alyssa\documents\directx11\directx11_starter\directx11_starter\debug\particlesystem.obj
c:\users\alyssa\documents\directx11\directx11_starter\directx11_starter\debug\player.obj
c:\users\alyssa\documents\directx11\directx11_starter\directx11_starter\debug\playertrail.obj
c:\users\alyssa\documents\directx11\directx11_starter\directx11_starter\debug\projectile.obj
c:\users\alyssa\documents\directx11\directx11_starter\directx11_starter\debug\quadtree.obj
c:\users\alyssa\documents\directx11\directx11_starter\directx11_starter\debug\rendertexture.obj
c:\users\alyssa\documents\directx11\directx11_starter\directx11_starter\debug\samplerstate.obj
c:\users\alyssa\documents\directx11\directx11_starter\directx11_starter\debug\shaderprogram.obj
c:\users\alyssa\documents\directx11\directx11_starter\directx11_starter\debug\state.obj
c:\users\alyssa\documents\directx11\directx11_starter\directx11_starter\debug\statemanager.obj
c:\users\alyssa\documents\directx11\directx11_starter\directx11_starter\debug\asteroid.obj
c:\users\alyssa\documents\directx11\directx11_starter\directx11_starter\debug\camera.obj
c:\users\alyssa\documents\directx11\directx11_starter\directx11_starter\debug\collectable.obj
c:\users\alyssa\documents\directx11\directx11_starter\directx11_starter\debug\constantbuffer.obj
c:\users\alyssa\documents\directx11\directx11_starter\directx11_starter\debug\explosioneffect.obj
c:\users\alyssa\documents\directx11\directx11_starter\directx11_starter\debug\game.obj
c:\users\alyssa\documents\directx11\directx11_starter\directx11_starter\debug\gameentity.obj
c:\users\alyssa\documents\directx11\directx11_starter\debug\asteroidgeometryshader.cso
c:\users\alyssa\documents\directx11\directx11_starter\debug\asteroidpixelshader.cso
c:\users\alyssa\documents\directx11\directx11_starter\debug\asteroidvertexshader.cso
c:\users\alyssa\documents\directx11\directx11_starter\debug\bulletgeometryshader.cso
c:\users\alyssa\documents\directx11\directx11_starter\debug\bulletpixelshader.cso
c:\users\alyssa\documents\directx11\directx11_starter\debug\bulletvertexshader.cso
c:\users\alyssa\documents\directx11\directx11_starter\debug\collectablegeometryshader.cso
c:\users\alyssa\documents\directx11\directx11_starter\debug\collectablepixelshader.cso
c:\users\alyssa\documents\directx11\directx11_starter\debug\collectablevertexshader.cso
c:\users\alyssa\documents\directx11\directx11_starter\debug\explosionemitter.cso
c:\users\alyssa\documents\directx11\directx11_starter\debug\explosionpixelshader.cso
c:\users\alyssa\documents\directx11\directx11_starter\debug\explosionvertexshader.cso
c:\users\alyssa\documents\directx11\directx11_starter\debug\geometrypixelshader.cso
c:\users\alyssa\documents\directx11\directx11_starter\debug\geometryshader.cso
c:\users\alyssa\documents\directx11\directx11_starter\debug\geometryshaderstreamoutput.cso
c:\users\alyssa\documents\directx11\directx11_starter\debug\geometryvertexshader.cso
c:\users\alyssa\documents\directx11\directx11_starter\debug\icosahedronemitter.cso
c:\users\alyssa\documents\directx11\directx11_starter\debug\icosahedronvertexshader.cso
c:\users\alyssa\documents\directx11\directx11_starter\debug\nebulageometryshader.cso
c:\users\alyssa\documents\directx11\directx11_starter\debug\nebulapixeltexture.cso
c:\users\alyssa\documents\directx11\directx11_starter\debug\nebulavertextexture.cso
c:\users\alyssa\documents\directx11\directx11_starter\debug\newnormalpixelshader.cso
c:\users\alyssa\documents\directx11\directx11_starter\debug\newnormalvertexshader.cso
c:\users\alyssa\documents\directx11\directx11_starter\debug\postprocesspixelshader.cso
c:\users\alyssa\documents\directx11\directx11_starter\debug\postprocessvertexshader.cso
c:\users\alyssa\documents\directx11\directx11_starter\debug\flatpixelshader.cso
c:\users\alyssa\documents\directx11\directx11_starter\debug\flatvertexshader.cso
c:\users\alyssa\documents\directx11\directx11_starter\debug\multitexpixelshader.cso
c:\users\alyssa\documents\directx11\directx11_starter\debug\multitexvertexshader.cso
c:\users\alyssa\documents\directx11\directx11_starter\debug\normalpixelshader.cso
c:\users\alyssa\documents\directx11\directx11_starter\debug\normalvertexshader.cso
c:\users\alyssa\documents\directx11\directx11_starter\debug\phong.cso
c:\users\alyssa\documents\directx11\directx11_starter\debug\phongpixel.cso
c:\users\alyssa\documents\directx11\directx11_starter\debug\pixelshader.cso
c:\users\alyssa\documents\directx11\directx11_starter\debug\vertexshader.cso
c:\users\alyssa\documents\directx11\directx11_starter\debug\sparklegeometryshader.cso
c:\users\alyssa\documents\directx11\directx11_starter\debug\sparklepixelshader.cso
c:\users\alyssa\documents\directx11\directx11_starter\debug\squareshader.cso
c:\users\alyssa\documents\directx11\directx11_starter\debug\streamoutvertex.cso
c:\users\alyssa\documents\directx11\directx11_starter\debug\trailgeometryshader.cso
c:\users\alyssa\documents\directx11\directx11_starter\debug\trailpixelshader.cso
c:\users\alyssa\documents\directx11\directx11_starter\debug\trailvertexshader.cso
c:\users\alyssa\documents\directx11\directx11_starter\debug\treegeometryshader.cso
c:\users\alyssa\documents\directx11\directx11_starter\debug\directx11_starter.exe
c:\users\alyssa\documents\directx11\directx11_starter\debug\directx11_starter.pdb
c:\users\alyssa\documents\directx11\directx11_starter\directx11_starter\debug\directx11_starter.vcxprojresolveassemblyreference.cache
c:\users\alyssa\documents\directx11\directx11_starter\directx11_starter\debug\directx1.feb50fc0.tlog\cl.command.1.tlog
c:\users\alyssa\documents\directx11\directx11_starter\directx11_starter\debug\directx1.feb50fc0.tlog\cl.read.1.tlog
c:\users\alyssa\documents\directx11\directx11_starter\directx11_starter\debug\directx1.feb50fc0.tlog\cl.write.1.tlog
c:\users\alyssa\documents\directx11\directx11_starter\directx11_starter\debug\directx1.feb50fc0.tlog\directx11_starter.write.1u.tlog
c:\users\alyssa\documents\directx11\directx11_starter\directx11_starter\debug\directx1.feb50fc0.tlog\fxc.command.1.tlog
c:\users\alyssa\documents\directx11\directx11_starter\directx11_starter\debug\directx1.feb50fc0.tlog\fxc.read.1.tlog
c:\users\alyssa\documents\directx11\directx11_starter\directx11_starter\debug\directx1.feb50fc0.tlog\fxc.write.1.tlog
c:\users\alyssa\documents\directx11\directx11_starter\directx11_starter\debug\directx1.feb50fc0.tlog\link.command.1.tlog
c:\users\alyssa\documents\directx11\directx11_starter\directx11_starter\debug\directx1.feb50fc0.tlog\link.read.1.tlog
c:\users\alyssa\documents\directx11\directx11_starter\directx11_starter\debug\directx1.feb50fc0.tlog\link.write.1.tlog
